p/285_.png 1 0 0 180 120
p/284_.png 1 0 0 180 120
p/283_.png 1 0 0 180 120
p/282_.png 1 0 0 180 120
p/281_.png 1 0 0 180 120
p/280_.png 1 0 0 180 120
p/279_.png 1 0 0 180 120
p/278_.png 1 0 0 180 120
p/277_.png 1 0 0 180 120
p/276_.png 1 0 0 180 120
p/275_.png 1 0 0 180 120
p/274_.png 1 0 0 180 120
p/273_.png 1 0 0 180 120
p/272_.png 1 0 0 180 120
p/271_.png 1 0 0 180 120
p/270_.png 1 0 0 180 120
p/269_.png 1 0 0 180 120
p/268_.png 1 0 0 180 120
p/267_.png 1 0 0 180 120
p/266_.png 1 0 0 180 120
p/265_.png 1 0 0 180 120
p/264_.png 1 0 0 180 120
p/263_.png 1 0 0 180 120
p/262_.png 1 0 0 180 120
p/261_.png 1 0 0 180 120
p/260_.png 1 0 0 180 120
p/259_.png 1 0 0 180 120
p/258_.png 1 0 0 180 120
p/257_.png 1 0 0 180 120
p/256_.png 1 0 0 180 120
p/255_.png 1 0 0 180 120
p/254_.png 1 0 0 180 120
p/253_.png 1 0 0 180 120
p/252_.png 1 0 0 180 120
p/251_.png 1 0 0 180 120
p/250_.png 1 0 0 180 120
p/249_.png 1 0 0 180 120
p/248_.png 1 0 0 180 120
p/247_.png 1 0 0 180 120
p/246_.png 1 0 0 180 120
p/245_.png 1 0 0 180 120
p/244_.png 1 0 0 180 120
p/243_.png 1 0 0 180 120
p/242_.png 1 0 0 180 120
p/241_.png 1 0 0 180 120
p/240_.png 1 0 0 180 120
p/239_.png 1 0 0 180 120
p/238_.png 1 0 0 180 120
p/237_.png 1 0 0 180 120
p/236_.png 1 0 0 180 120
p/235_.png 1 0 0 180 120
p/234_.png 1 0 0 180 120
p/233_.png 1 0 0 180 120
p/232_.png 1 0 0 180 120
p/231_.png 1 0 0 180 120
p/230_.png 1 0 0 180 120
p/229_.png 1 0 0 180 120
p/228_.png 1 0 0 180 120
p/227_.png 1 0 0 180 120
p/226_.png 1 0 0 180 120
p/225_.png 1 0 0 180 120
p/224_.png 1 0 0 180 120
p/223_.png 1 0 0 180 120
p/222_.png 1 0 0 180 120
p/221_.png 1 0 0 180 120
p/220_.png 1 0 0 180 120
p/219_.png 1 0 0 180 120
p/218_.png 1 0 0 180 120
p/217_.png 1 0 0 180 120
p/216_.png 1 0 0 180 120
p/215_.png 1 0 0 180 120
p/214_.png 1 0 0 180 120
p/213_.png 1 0 0 180 120
p/212_.png 1 0 0 180 120
p/211_.png 1 0 0 180 120
p/210_.png 1 0 0 180 120
p/209_.png 1 0 0 180 120
p/208_.png 1 0 0 180 120
p/207_.png 1 0 0 180 120
p/206_.png 1 0 0 180 120
p/205_.png 1 0 0 180 120
p/204_.png 1 0 0 180 120
p/203_.png 1 0 0 180 120
p/202_.png 1 0 0 180 120
p/201_.png 1 0 0 180 120
p/200_.png 1 0 0 180 120
p/199_.png 1 0 0 180 120
p/198_.png 1 0 0 180 120
p/197_.png 1 0 0 180 120
p/196_.png 1 0 0 180 120
p/195_.png 1 0 0 180 120
p/194_.png 1 0 0 180 120
p/193_.png 1 0 0 180 120
p/192_.png 1 0 0 180 120
p/191_.png 1 0 0 180 120
p/190_.png 1 0 0 180 120
p/189_.png 1 0 0 180 120
p/188_.png 1 0 0 180 120
p/187_.png 1 0 0 180 120
p/186_.png 1 0 0 180 120
p/185_.png 1 0 0 180 120
p/184_.png 1 0 0 180 120
p/183_.png 1 0 0 180 120
p/182_.png 1 0 0 180 120
p/181_.png 1 0 0 180 120
p/180_.png 1 0 0 180 120
p/179_.png 1 0 0 180 120
p/178_.png 1 0 0 180 120
p/177_.png 1 0 0 180 120
p/176_.png 1 0 0 180 120
p/175_.png 1 0 0 180 120
p/174_.png 1 0 0 180 120
p/173_.png 1 0 0 180 120
p/172_.png 1 0 0 180 120
p/171_.png 1 0 0 180 120
p/170_.png 1 0 0 180 120
p/169_.png 1 0 0 180 120
p/168_.png 1 0 0 180 120
p/167_.png 1 0 0 180 120
p/166_.png 1 0 0 180 120
p/165_.png 1 0 0 180 120
p/164_.png 1 0 0 180 120
p/163_.png 1 0 0 180 120
p/162_.png 1 0 0 180 120
p/161_.png 1 0 0 180 120
p/160_.png 1 0 0 180 120
p/159_.png 1 0 0 180 120
p/158_.png 1 0 0 180 120
p/157_.png 1 0 0 180 120
p/156_.png 1 0 0 180 120
p/155_.png 1 0 0 180 120
p/154_.png 1 0 0 180 120
p/153_.png 1 0 0 180 120
p/152_.png 1 0 0 180 120
p/151_.png 1 0 0 180 120
p/150_.png 1 0 0 180 120
p/149_.png 1 0 0 180 120
p/148_.png 1 0 0 180 120
p/147_.png 1 0 0 180 120
p/146_.png 1 0 0 180 120
p/145_.png 1 0 0 180 120
p/144_.png 1 0 0 180 120
p/143_.png 1 0 0 180 120
p/142_.png 1 0 0 180 120
p/141_.png 1 0 0 180 120
p/140_.png 1 0 0 180 120
p/139_.png 1 0 0 180 120
p/138_.png 1 0 0 180 120
p/137_.png 1 0 0 180 120
p/136_.png 1 0 0 180 120
p/135_.png 1 0 0 180 120
p/134_.png 1 0 0 180 120
p/133_.png 1 0 0 180 120
p/125_.png 1 0 0 180 120
p/124_.png 1 0 0 180 120
p/123_.png 1 0 0 180 120
p/122_.png 1 0 0 180 120
p/121_.png 1 0 0 180 120
p/120_.png 1 0 0 180 120
p/119_.png 1 0 0 180 120
p/118_.png 1 0 0 180 120
p/117_.png 1 0 0 180 120
p/116_.png 1 0 0 180 120
p/115_.png 1 0 0 180 120
p/114_.png 1 0 0 180 120
p/113_.png 1 0 0 180 120
p/112_.png 1 0 0 180 120
p/111_.png 1 0 0 180 120
p/110_.png 1 0 0 180 120
p/109_.png 1 0 0 180 120
p/108_.png 1 0 0 180 120
p/86_.png 1 0 0 180 120
p/85_.png 1 0 0 180 120
p/84_.png 1 0 0 180 120
p/83_.png 1 0 0 180 120
p/77_.png 1 0 0 180 120
p/76_.png 1 0 0 180 120
p/75_.png 1 0 0 180 120
p/74_.png 1 0 0 180 120
p/73_.png 1 0 0 180 120
p/72_.png 1 0 0 180 120
p/71_.png 1 0 0 180 120
p/70_.png 1 0 0 180 120
p/69_.png 1 0 0 180 120
p/68_.png 1 0 0 180 120
p/67_.png 1 0 0 180 120
p/66_.png 1 0 0 180 120
p/65_.png 1 0 0 180 120
p/64_.png 1 0 0 180 120
p/63_.png 1 0 0 180 120
p/62_.png 1 0 0 180 120
p/61_.png 1 0 0 180 120
p/60_.png 1 0 0 180 120
p/59_.png 1 0 0 180 120
p/58_.png 1 0 0 180 120
p/57_.png 1 0 0 180 120
p/56_.png 1 0 0 180 120